2025-06-02 23:16:02 [32minfo[39m: [SERVER] backend is live on http://localhost:3000
2025-08-27 11:42:49 [32minfo[39m: Environment configuration loaded.
2025-08-27 11:42:49 [32minfo[39m: [SERVER] backend is live on http://localhost:3000
2025-08-27 11:42:49 [31merror[39m: [REDIS] Failed to connect to Redis. connect ECONNREFUSED 127.0.0.1:6379
2025-08-27 11:42:49 [31merror[39m: [PRISMA] : failed to connect database :  Can't reach database server at `localhost:5432`

Please make sure your database server is running at `localhost:5432`.
2025-08-27 11:42:49 [31merror[39m: [REDIS] Failed to connect to Redis. connect ECONNREFUSED 127.0.0.1:6379
2025-08-27 11:42:49 [31merror[39m: [REDIS] Failed to connect to Redis. connect ECONNREFUSED 127.0.0.1:6379
2025-08-27 11:42:49 [31merror[39m: [REDIS] Failed to connect to Redis. connect ECONNREFUSED 127.0.0.1:6379
2025-08-27 11:42:49 [31merror[39m: [REDIS] Failed to connect to Redis. connect ECONNREFUSED 127.0.0.1:6379
2025-08-27 11:42:50 [31merror[39m: [REDIS] Failed to connect to Redis. connect ECONNREFUSED 127.0.0.1:6379
2025-08-27 11:42:50 [31merror[39m: [REDIS] Failed to connect to Redis. connect ECONNREFUSED 127.0.0.1:6379
2025-08-27 11:42:50 [31merror[39m: [REDIS] Failed to connect to Redis. connect ECONNREFUSED 127.0.0.1:6379
2025-08-27 11:42:51 [31merror[39m: [REDIS] Failed to connect to Redis. connect ECONNREFUSED 127.0.0.1:6379
2025-08-27 11:42:51 [31merror[39m: [EMAIL] Service : Error: Invalid login: 535-5.7.8 Username and Password not accepted. For more information, go to
535 5.7.8  https://support.google.com/mail/?p=BadCredentials d9443c01a7336-2466885efeasm113468625ad.81 - gsmtp
2025-08-27 11:42:51 [31merror[39m: [REDIS] Failed to connect to Redis. connect ECONNREFUSED 127.0.0.1:6379
2025-08-27 11:42:52 [31merror[39m: [REDIS] Failed to connect to Redis. connect ECONNREFUSED 127.0.0.1:6379
2025-08-27 11:42:52 [31merror[39m: [REDIS] Failed to connect to Redis. connect ECONNREFUSED 127.0.0.1:6379
2025-08-27 11:42:53 [31merror[39m: [REDIS] Failed to connect to Redis. connect ECONNREFUSED 127.0.0.1:6379
2025-08-27 11:42:53 [31merror[39m: [REDIS] Failed to connect to Redis. connect ECONNREFUSED 127.0.0.1:6379
2025-08-27 11:42:54 [31merror[39m: [REDIS] Failed to connect to Redis. connect ECONNREFUSED 127.0.0.1:6379
2025-08-27 11:42:55 [31merror[39m: [REDIS] Failed to connect to Redis. connect ECONNREFUSED 127.0.0.1:6379
2025-08-27 11:42:56 [31merror[39m: [REDIS] Failed to connect to Redis. connect ECONNREFUSED 127.0.0.1:6379
2025-08-27 11:42:56 [31merror[39m: [REDIS] Failed to connect to Redis. connect ECONNREFUSED 127.0.0.1:6379
2025-08-27 11:42:57 [31merror[39m: [REDIS] Failed to connect to Redis. connect ECONNREFUSED 127.0.0.1:6379
2025-08-27 11:42:58 [31merror[39m: [REDIS] Failed to connect to Redis. connect ECONNREFUSED 127.0.0.1:6379
2025-08-27 11:42:59 [31merror[39m: [REDIS] Failed to connect to Redis. connect ECONNREFUSED 127.0.0.1:6379
2025-08-27 11:43:00 [31merror[39m: [REDIS] Failed to connect to Redis. connect ECONNREFUSED 127.0.0.1:6379
2025-08-27 11:43:01 [31merror[39m: [REDIS] Failed to connect to Redis. connect ECONNREFUSED 127.0.0.1:6379
2025-08-27 11:43:03 [31merror[39m: [REDIS] Failed to connect to Redis. connect ECONNREFUSED 127.0.0.1:6379
2025-08-27 11:43:04 [31merror[39m: [REDIS] Failed to connect to Redis. connect ECONNREFUSED 127.0.0.1:6379
2025-08-27 11:43:05 [31merror[39m: [REDIS] Failed to connect to Redis. connect ECONNREFUSED 127.0.0.1:6379
2025-08-27 11:43:06 [31merror[39m: [REDIS] Failed to connect to Redis. connect ECONNREFUSED 127.0.0.1:6379
2025-08-27 11:43:08 [31merror[39m: [REDIS] Failed to connect to Redis. connect ECONNREFUSED 127.0.0.1:6379
2025-08-27 11:43:09 [31merror[39m: [REDIS] Failed to connect to Redis. connect ECONNREFUSED 127.0.0.1:6379
2025-08-27 11:43:11 [31merror[39m: [REDIS] Failed to connect to Redis. connect ECONNREFUSED 127.0.0.1:6379
2025-08-27 11:43:12 [31merror[39m: [REDIS] Failed to connect to Redis. connect ECONNREFUSED 127.0.0.1:6379
2025-08-27 11:43:14 [31merror[39m: [REDIS] Failed to connect to Redis. connect ECONNREFUSED 127.0.0.1:6379
2025-08-27 11:43:15 [31merror[39m: [REDIS] Failed to connect to Redis. connect ECONNREFUSED 127.0.0.1:6379
2025-08-27 11:43:17 [31merror[39m: [REDIS] Failed to connect to Redis. connect ECONNREFUSED 127.0.0.1:6379
2025-08-27 11:43:19 [31merror[39m: [REDIS] Failed to connect to Redis. connect ECONNREFUSED 127.0.0.1:6379
2025-08-27 11:43:20 [31merror[39m: [REDIS] Failed to connect to Redis. connect ECONNREFUSED 127.0.0.1:6379
2025-08-27 11:43:22 [31merror[39m: [REDIS] Failed to connect to Redis. connect ECONNREFUSED 127.0.0.1:6379
2025-08-27 11:49:14 [32minfo[39m: Environment configuration loaded.
2025-08-27 11:49:14 [32minfo[39m: [SERVER] backend is live on http://localhost:3000
2025-08-27 11:49:14 [31merror[39m: [REDIS] Failed to connect to Redis. connect ECONNREFUSED 127.0.0.1:6379
2025-08-27 11:49:14 [31merror[39m: [PRISMA] : failed to connect database :  Can't reach database server at `localhost:5432`

Please make sure your database server is running at `localhost:5432`.
2025-08-27 11:49:14 [31merror[39m: [REDIS] Failed to connect to Redis. connect ECONNREFUSED 127.0.0.1:6379
2025-08-27 11:49:14 [31merror[39m: [REDIS] Failed to connect to Redis. connect ECONNREFUSED 127.0.0.1:6379
2025-08-27 11:49:14 [31merror[39m: [REDIS] Failed to connect to Redis. connect ECONNREFUSED 127.0.0.1:6379
2025-08-27 11:49:14 [31merror[39m: [REDIS] Failed to connect to Redis. connect ECONNREFUSED 127.0.0.1:6379
2025-08-27 11:49:14 [31merror[39m: [REDIS] Failed to connect to Redis. connect ECONNREFUSED 127.0.0.1:6379
2025-08-27 11:49:15 [31merror[39m: [REDIS] Failed to connect to Redis. connect ECONNREFUSED 127.0.0.1:6379
2025-08-27 11:49:15 [31merror[39m: [REDIS] Failed to connect to Redis. connect ECONNREFUSED 127.0.0.1:6379
2025-08-27 11:49:16 [31merror[39m: [REDIS] Failed to connect to Redis. connect ECONNREFUSED 127.0.0.1:6379
2025-08-27 11:49:16 [31merror[39m: [EMAIL] Service : Error: Invalid login: 535-5.7.8 Username and Password not accepted. For more information, go to
535 5.7.8  https://support.google.com/mail/?p=BadCredentials d2e1a72fcca58-7720c63d660sm333464b3a.71 - gsmtp
2025-08-27 11:49:16 [31merror[39m: [REDIS] Failed to connect to Redis. connect ECONNREFUSED 127.0.0.1:6379
2025-08-27 11:49:16 [31merror[39m: [REDIS] Failed to connect to Redis. connect ECONNREFUSED 127.0.0.1:6379
2025-08-27 11:49:17 [31merror[39m: [REDIS] Failed to connect to Redis. connect ECONNREFUSED 127.0.0.1:6379
2025-08-27 11:49:18 [31merror[39m: [REDIS] Failed to connect to Redis. connect ECONNREFUSED 127.0.0.1:6379
2025-08-27 11:49:18 [31merror[39m: [REDIS] Failed to connect to Redis. connect ECONNREFUSED 127.0.0.1:6379
2025-08-27 11:49:19 [31merror[39m: [REDIS] Failed to connect to Redis. connect ECONNREFUSED 127.0.0.1:6379
2025-08-27 11:49:20 [31merror[39m: [REDIS] Failed to connect to Redis. connect ECONNREFUSED 127.0.0.1:6379
2025-08-27 11:49:21 [31merror[39m: [REDIS] Failed to connect to Redis. connect ECONNREFUSED 127.0.0.1:6379
2025-08-27 11:49:21 [31merror[39m: [REDIS] Failed to connect to Redis. connect ECONNREFUSED 127.0.0.1:6379
2025-08-27 11:49:22 [31merror[39m: [REDIS] Failed to connect to Redis. connect ECONNREFUSED 127.0.0.1:6379
2025-08-27 11:49:23 [31merror[39m: [REDIS] Failed to connect to Redis. connect ECONNREFUSED 127.0.0.1:6379
2025-08-27 11:49:24 [31merror[39m: [REDIS] Failed to connect to Redis. connect ECONNREFUSED 127.0.0.1:6379
2025-08-27 11:49:25 [31merror[39m: [REDIS] Failed to connect to Redis. connect ECONNREFUSED 127.0.0.1:6379
2025-09-10 12:57:32 [32minfo[39m: Environment configuration loaded.
2025-09-10 12:57:33 [32minfo[39m: [GOOGLE_OAUTH] Google authentication strategy initialized successfully
2025-09-10 12:57:33 [32minfo[39m: [SERVER] backend is live on http://localhost:3000
2025-09-10 12:57:33 [32minfo[39m: [REDIS] Connected to Redis.
2025-09-10 12:57:34 [32minfo[39m: [PRISMA] : connected to database
2025-09-10 12:57:57 [32minfo[39m: Environment configuration loaded.
2025-09-10 12:57:57 [32minfo[39m: [GOOGLE_OAUTH] Google authentication strategy initialized successfully
2025-09-10 12:57:57 [32minfo[39m: [SERVER] backend is live on http://localhost:3000
2025-09-10 12:57:57 [32minfo[39m: [REDIS] Connected to Redis.
2025-09-10 12:57:58 [32minfo[39m: [PRISMA] : connected to database
2025-09-10 12:58:04 [32minfo[39m: Environment configuration loaded.
2025-09-10 12:58:05 [32minfo[39m: [GOOGLE_OAUTH] Google authentication strategy initialized successfully
2025-09-10 12:58:05 [32minfo[39m: [SERVER] backend is live on http://localhost:3000
2025-09-10 12:58:05 [32minfo[39m: [REDIS] Connected to Redis.
2025-09-10 12:58:06 [32minfo[39m: [PRISMA] : connected to database
2025-09-10 12:58:09 [32minfo[39m: Environment configuration loaded.
2025-09-10 12:58:09 [32minfo[39m: [GOOGLE_OAUTH] Google authentication strategy initialized successfully
2025-09-10 12:58:09 [32minfo[39m: [SERVER] backend is live on http://localhost:3000
2025-09-10 12:58:09 [32minfo[39m: [REDIS] Connected to Redis.
2025-09-10 12:58:10 [32minfo[39m: [PRISMA] : connected to database
2025-09-10 13:00:40 [32minfo[39m: Environment configuration loaded.
2025-09-10 13:00:41 [32minfo[39m: [GOOGLE_OAUTH] Google authentication strategy initialized successfully
2025-09-10 13:00:41 [32minfo[39m: [SERVER] backend is live on http://localhost:3000
2025-09-10 13:00:41 [32minfo[39m: [REDIS] Connected to Redis.
2025-09-10 13:00:41 [32minfo[39m: [PRISMA] : connected to database
2025-09-10 13:01:30 [32minfo[39m: [GOOGLE_OAUTH] Validating Google user
2025-09-10 13:01:30 [32minfo[39m: [GOOGLE_OAUTH] User validation successful
2025-09-10 13:01:30 [34mdebug[39m: [GOOGLE_OAUTH] Serializing user
2025-09-10 13:01:30 [31merror[39m: [USER_SERVICE] Error getting user by email 718romanempire@gmail.com: 
Invalid `db.user.findUnique()` invocation in
/home/md-asharaf/coding/personal/campusBazaar/backend/src/services/user.service.ts:105:40

  102     includeRelations: boolean = false,
  103 ): Promise<User | null> {
  104     try {
→ 105         const user = await db.user.findUnique(
The table `public.User` does not exist in the current database.
2025-09-10 13:02:40 [32minfo[39m: Environment configuration loaded.
2025-09-10 13:02:41 [32minfo[39m: [GOOGLE_OAUTH] Google authentication strategy initialized successfully
2025-09-10 13:02:41 [32minfo[39m: [SERVER] backend is live on http://localhost:3000
2025-09-10 13:02:41 [32minfo[39m: [REDIS] Connected to Redis.
2025-09-10 13:02:41 [32minfo[39m: [PRISMA] : connected to database
2025-09-10 13:02:53 [32minfo[39m: [GOOGLE_OAUTH] Validating Google user
2025-09-10 13:02:53 [32minfo[39m: [GOOGLE_OAUTH] User validation successful
2025-09-10 13:02:53 [34mdebug[39m: [GOOGLE_OAUTH] Serializing user
2025-09-10 13:02:53 [33mwarn[39m: [USER_SERVICE] User not found with email: 718romanempire@gmail.com
2025-09-10 13:04:49 [32minfo[39m: Environment configuration loaded.
2025-09-10 13:04:49 [32minfo[39m: [GOOGLE_OAUTH] Google authentication strategy initialized successfully
2025-09-10 13:04:49 [32minfo[39m: [SERVER] backend is live on http://localhost:3000
2025-09-10 13:04:49 [32minfo[39m: [REDIS] Connected to Redis.
2025-09-10 13:04:50 [32minfo[39m: [PRISMA] : connected to database
2025-09-10 13:06:13 [32minfo[39m: Environment configuration loaded.
2025-09-10 13:06:14 [32minfo[39m: [GOOGLE_OAUTH] Google authentication strategy initialized successfully
2025-09-10 13:06:14 [32minfo[39m: [SERVER] backend is live on http://localhost:3000
2025-09-10 13:06:14 [32minfo[39m: [REDIS] Connected to Redis.
2025-09-10 13:06:15 [32minfo[39m: [PRISMA] : connected to database
2025-09-10 13:06:18 [32minfo[39m: Environment configuration loaded.
2025-09-10 13:06:19 [32minfo[39m: [GOOGLE_OAUTH] Google authentication strategy initialized successfully
2025-09-10 13:06:19 [32minfo[39m: [SERVER] backend is live on http://localhost:3000
2025-09-10 13:06:19 [32minfo[39m: [REDIS] Connected to Redis.
2025-09-10 13:06:20 [32minfo[39m: [PRISMA] : connected to database
2025-09-10 13:06:53 [32minfo[39m: Environment configuration loaded.
2025-09-10 13:06:54 [32minfo[39m: [GOOGLE_OAUTH] Google authentication strategy initialized successfully
2025-09-10 13:06:54 [32minfo[39m: [SERVER] backend is live on http://localhost:3000
2025-09-10 13:06:54 [32minfo[39m: [REDIS] Connected to Redis.
2025-09-10 13:06:55 [32minfo[39m: [PRISMA] : connected to database
2025-09-10 13:07:05 [32minfo[39m: [GOOGLE_OAUTH] Validating Google user
2025-09-10 13:07:05 [32minfo[39m: [GOOGLE_OAUTH] User validation successful
2025-09-10 13:07:05 [34mdebug[39m: [GOOGLE_OAUTH] Serializing user
2025-09-10 13:07:05 [33mwarn[39m: [USER_SERVICE] User not found with email: 718romanempire@gmail.com
2025-09-10 13:13:47 [32minfo[39m: Environment configuration loaded.
2025-09-10 13:13:48 [32minfo[39m: [GOOGLE_OAUTH] Google authentication strategy initialized successfully
2025-09-10 13:13:48 [32minfo[39m: [SERVER] backend is live on http://localhost:3000
2025-09-10 13:13:48 [32minfo[39m: [REDIS] Connected to Redis.
2025-09-10 13:13:49 [32minfo[39m: [PRISMA] : connected to database
2025-09-10 13:13:51 [32minfo[39m: Environment configuration loaded.
2025-09-10 13:13:52 [32minfo[39m: [GOOGLE_OAUTH] Google authentication strategy initialized successfully
2025-09-10 13:13:52 [32minfo[39m: [SERVER] backend is live on http://localhost:3000
2025-09-10 13:13:52 [32minfo[39m: [REDIS] Connected to Redis.
2025-09-10 13:13:52 [32minfo[39m: [PRISMA] : connected to database
2025-09-10 13:14:00 [32minfo[39m: Environment configuration loaded.
2025-09-10 13:14:01 [32minfo[39m: [GOOGLE_OAUTH] Google authentication strategy initialized successfully
2025-09-10 13:14:01 [32minfo[39m: [SERVER] backend is live on http://localhost:3000
2025-09-10 13:14:01 [32minfo[39m: [REDIS] Connected to Redis.
2025-09-10 13:14:01 [32minfo[39m: [PRISMA] : connected to database
2025-09-10 13:15:22 [32minfo[39m: Environment configuration loaded.
2025-09-10 13:15:23 [32minfo[39m: [GOOGLE_OAUTH] Google authentication strategy initialized successfully
2025-09-10 13:15:23 [32minfo[39m: [SERVER] backend is live on http://localhost:3000
2025-09-10 13:15:23 [32minfo[39m: [REDIS] Connected to Redis.
2025-09-10 13:15:24 [32minfo[39m: [PRISMA] : connected to database
2025-09-10 13:15:32 [32minfo[39m: [GOOGLE_OAUTH] Validating Google user
2025-09-10 13:15:32 [32minfo[39m: [GOOGLE_OAUTH] User validation successful
2025-09-10 13:15:32 [34mdebug[39m: [GOOGLE_OAUTH] Serializing user
2025-09-10 13:15:32 [33mwarn[39m: [USER_SERVICE] User not found with email: 718romanempire@gmail.com
2025-09-10 14:55:54 [32minfo[39m: Environment configuration loaded.
2025-09-10 14:55:54 [32minfo[39m: [GOOGLE_OAUTH] Google authentication strategy initialized successfully
2025-09-10 14:55:54 [32minfo[39m: [SERVER] backend is live on http://localhost:3000
2025-09-10 14:55:54 [32minfo[39m: [REDIS] Connected to Redis.
2025-09-10 14:55:55 [32minfo[39m: [PRISMA] : connected to database
2025-09-10 14:58:24 [33mwarn[39m: [USER_SERVICE] User not found with email: 718romanempire@gmail.com
2025-09-10 14:58:24 [33mwarn[39m: [REDIS] Key register:718romanempire@gmail.com not found.
2025-09-10 14:59:23 [32minfo[39m: [GOOGLE_OAUTH] Validating Google user
2025-09-10 14:59:23 [32minfo[39m: [GOOGLE_OAUTH] User validation successful
2025-09-10 14:59:23 [34mdebug[39m: [GOOGLE_OAUTH] Serializing user
2025-09-10 14:59:23 [33mwarn[39m: [USER_SERVICE] User not found with email: 718romanempire@gmail.com
2025-09-10 15:00:21 [33mwarn[39m: [USER_SERVICE] User not found with email: 718romanempire@gmail.com
2025-09-10 15:02:43 [32minfo[39m: Environment configuration loaded.
2025-09-10 15:02:44 [32minfo[39m: [GOOGLE_OAUTH] Google authentication strategy initialized successfully
2025-09-10 15:02:44 [32minfo[39m: [SERVER] backend is live on http://localhost:3000
2025-09-10 15:02:44 [32minfo[39m: [REDIS] Connected to Redis.
2025-09-10 15:02:45 [32minfo[39m: [PRISMA] : connected to database
2025-09-10 15:02:50 [33mwarn[39m: [USER_SERVICE] User not found with email: 718romanempire@gmail.com
2025-09-10 15:02:51 [32minfo[39m: [USER_SERVICE] User created successfully with ID: 84308012-e970-4723-b3d1-47c74776243a
2025-09-10 15:03:18 [32minfo[39m: [USER_SERVICE] User retrieved successfully with email: 718romanempire@gmail.com
2025-09-10 15:04:06 [32minfo[39m: Environment configuration loaded.
2025-09-10 15:04:07 [32minfo[39m: [GOOGLE_OAUTH] Google authentication strategy initialized successfully
2025-09-10 15:04:07 [32minfo[39m: [SERVER] backend is live on http://localhost:3000
2025-09-10 15:04:07 [32minfo[39m: [REDIS] Connected to Redis.
2025-09-10 15:04:08 [32minfo[39m: [PRISMA] : connected to database
2025-09-10 15:04:24 [32minfo[39m: Environment configuration loaded.
2025-09-10 15:04:24 [32minfo[39m: [GOOGLE_OAUTH] Google authentication strategy initialized successfully
2025-09-10 15:04:24 [32minfo[39m: [SERVER] backend is live on http://localhost:3000
2025-09-10 15:04:24 [32minfo[39m: [REDIS] Connected to Redis.
2025-09-10 15:04:25 [32minfo[39m: [PRISMA] : connected to database
2025-09-10 15:08:14 [32minfo[39m: Environment configuration loaded.
2025-09-10 15:08:15 [32minfo[39m: [GOOGLE_OAUTH] Google authentication strategy initialized successfully
2025-09-10 15:08:15 [32minfo[39m: [SERVER] backend is live on http://localhost:3000
2025-09-10 15:08:15 [32minfo[39m: [REDIS] Connected to Redis.
2025-09-10 15:08:15 [32minfo[39m: [PRISMA] : connected to database
2025-09-10 15:10:27 [34mdebug[39m: [OTP_SERVICE] OTP stored in Redis
2025-09-10 15:11:31 [33mwarn[39m: [REDIS] Key otp:mdasharaf.dev@gmail.com not found.
2025-09-10 15:13:36 [32minfo[39m: Environment configuration loaded.
2025-09-10 15:13:37 [32minfo[39m: [GOOGLE_OAUTH] Google authentication strategy initialized successfully
2025-09-10 15:13:37 [32minfo[39m: [SERVER] backend is live on http://localhost:3000
2025-09-10 15:13:37 [32minfo[39m: [REDIS] Connected to Redis.
2025-09-10 15:13:37 [32minfo[39m: [PRISMA] : connected to database
2025-09-10 15:21:45 [32minfo[39m: Environment configuration loaded.
2025-09-10 15:21:46 [32minfo[39m: [GOOGLE_OAUTH] Google authentication strategy initialized successfully
2025-09-10 15:21:46 [32minfo[39m: [SERVER] backend is live on http://localhost:3000
2025-09-10 15:21:46 [32minfo[39m: [REDIS] Connected to Redis.
2025-09-10 15:21:47 [32minfo[39m: [PRISMA] : connected to database
2025-09-10 15:21:49 [32minfo[39m: Environment configuration loaded.
2025-09-10 15:21:50 [32minfo[39m: [GOOGLE_OAUTH] Google authentication strategy initialized successfully
2025-09-10 15:21:50 [32minfo[39m: [SERVER] backend is live on http://localhost:3000
2025-09-10 15:21:50 [32minfo[39m: [REDIS] Connected to Redis.
2025-09-10 15:21:50 [32minfo[39m: [PRISMA] : connected to database
2025-09-10 15:22:02 [32minfo[39m: Environment configuration loaded.
2025-09-10 15:22:02 [32minfo[39m: [GOOGLE_OAUTH] Google authentication strategy initialized successfully
2025-09-10 15:22:02 [32minfo[39m: [SERVER] backend is live on http://localhost:3000
2025-09-10 15:22:02 [32minfo[39m: [REDIS] Connected to Redis.
2025-09-10 15:22:03 [32minfo[39m: [PRISMA] : connected to database
2025-09-10 15:24:02 [32minfo[39m: Environment configuration loaded.
2025-09-10 15:24:03 [32minfo[39m: [GOOGLE_OAUTH] Google authentication strategy initialized successfully
2025-09-10 15:24:03 [32minfo[39m: [SERVER] backend is live on http://localhost:3000
2025-09-10 15:24:03 [32minfo[39m: [REDIS] Connected to Redis.
2025-09-10 15:24:04 [32minfo[39m: [PRISMA] : connected to database
2025-09-10 15:24:44 [32minfo[39m: Environment configuration loaded.
2025-09-10 15:24:44 [32minfo[39m: [GOOGLE_OAUTH] Google authentication strategy initialized successfully
2025-09-10 15:24:44 [32minfo[39m: [SERVER] backend is live on http://localhost:3000
2025-09-10 15:24:44 [32minfo[39m: [REDIS] Connected to Redis.
2025-09-10 15:24:45 [32minfo[39m: [PRISMA] : connected to database
2025-09-10 15:26:20 [32minfo[39m: Environment configuration loaded.
2025-09-10 15:26:21 [32minfo[39m: [GOOGLE_OAUTH] Google authentication strategy initialized successfully
2025-09-10 15:26:21 [32minfo[39m: [SERVER] backend is live on http://localhost:3000
2025-09-10 15:26:21 [32minfo[39m: [REDIS] Connected to Redis.
2025-09-10 15:26:21 [32minfo[39m: [PRISMA] : connected to database
2025-09-10 15:26:43 [32minfo[39m: Environment configuration loaded.
2025-09-10 15:26:44 [32minfo[39m: [GOOGLE_OAUTH] Google authentication strategy initialized successfully
2025-09-10 15:26:44 [32minfo[39m: [SERVER] backend is live on http://localhost:3000
2025-09-10 15:26:44 [32minfo[39m: [REDIS] Connected to Redis.
2025-09-10 15:26:44 [32minfo[39m: [PRISMA] : connected to database
2025-09-10 15:28:25 [32minfo[39m: Environment configuration loaded.
2025-09-10 15:28:26 [32minfo[39m: [GOOGLE_OAUTH] Google authentication strategy initialized successfully
2025-09-10 15:28:26 [32minfo[39m: [SERVER] backend is live on http://localhost:3000
2025-09-10 15:28:26 [32minfo[39m: [REDIS] Connected to Redis.
2025-09-10 15:28:27 [32minfo[39m: [PRISMA] : connected to database
2025-09-10 15:28:43 [32minfo[39m: Environment configuration loaded.
2025-09-10 15:28:44 [32minfo[39m: [GOOGLE_OAUTH] Google authentication strategy initialized successfully
2025-09-10 15:28:44 [32minfo[39m: [SERVER] backend is live on http://localhost:3000
2025-09-10 15:28:44 [32minfo[39m: [REDIS] Connected to Redis.
2025-09-10 15:28:47 [32minfo[39m: [PRISMA] : connected to database
2025-09-10 15:29:16 [32minfo[39m: Environment configuration loaded.
2025-09-10 15:29:17 [32minfo[39m: [GOOGLE_OAUTH] Google authentication strategy initialized successfully
2025-09-10 15:29:17 [32minfo[39m: [SERVER] backend is live on http://localhost:3000
2025-09-10 15:29:17 [32minfo[39m: [REDIS] Connected to Redis.
2025-09-10 15:29:18 [32minfo[39m: [PRISMA] : connected to database
2025-09-10 15:32:38 [32minfo[39m: Environment configuration loaded.
2025-09-10 15:32:39 [32minfo[39m: [GOOGLE_OAUTH] Google authentication strategy initialized successfully
2025-09-10 15:32:39 [32minfo[39m: [SERVER] backend is live on http://localhost:3000
2025-09-10 15:32:39 [32minfo[39m: [REDIS] Connected to Redis.
2025-09-10 15:32:40 [32minfo[39m: [PRISMA] : connected to database
2025-09-10 15:33:07 [32minfo[39m: Environment configuration loaded.
2025-09-10 15:33:08 [32minfo[39m: [GOOGLE_OAUTH] Google authentication strategy initialized successfully
2025-09-10 15:33:08 [32minfo[39m: [SERVER] backend is live on http://localhost:3000
2025-09-10 15:33:08 [32minfo[39m: [REDIS] Connected to Redis.
2025-09-10 15:33:09 [32minfo[39m: [PRISMA] : connected to database
2025-09-10 15:34:25 [32minfo[39m: Environment configuration loaded.
2025-09-10 15:34:26 [32minfo[39m: [GOOGLE_OAUTH] Google authentication strategy initialized successfully
2025-09-10 15:34:26 [32minfo[39m: [SERVER] backend is live on http://localhost:3000
2025-09-10 15:34:26 [32minfo[39m: [REDIS] Connected to Redis.
2025-09-10 15:34:27 [32minfo[39m: [PRISMA] : connected to database
2025-09-10 15:34:59 [32minfo[39m: Environment configuration loaded.
2025-09-10 15:35:00 [32minfo[39m: [GOOGLE_OAUTH] Google authentication strategy initialized successfully
2025-09-10 15:35:00 [32minfo[39m: [SERVER] backend is live on http://localhost:3000
2025-09-10 15:35:00 [32minfo[39m: [REDIS] Connected to Redis.
2025-09-10 15:35:00 [32minfo[39m: [PRISMA] : connected to database
2025-09-10 15:37:25 [32minfo[39m: Environment configuration loaded.
2025-09-10 15:37:26 [32minfo[39m: [GOOGLE_OAUTH] Google authentication strategy initialized successfully
2025-09-10 15:37:26 [32minfo[39m: [SERVER] backend is live on http://localhost:3000
2025-09-10 15:37:26 [32minfo[39m: [REDIS] Connected to Redis.
2025-09-10 15:37:26 [32minfo[39m: [PRISMA] : connected to database
2025-09-10 15:38:05 [32minfo[39m: Environment configuration loaded.
2025-09-10 15:38:05 [32minfo[39m: [GOOGLE_OAUTH] Google authentication strategy initialized successfully
2025-09-10 15:38:05 [32minfo[39m: [SERVER] backend is live on http://localhost:3000
2025-09-10 15:38:05 [32minfo[39m: [REDIS] Connected to Redis.
2025-09-10 15:38:06 [32minfo[39m: [PRISMA] : connected to database
2025-09-10 15:38:17 [32minfo[39m: Environment configuration loaded.
2025-09-10 15:38:18 [32minfo[39m: [GOOGLE_OAUTH] Google authentication strategy initialized successfully
2025-09-10 15:38:18 [32minfo[39m: [SERVER] backend is live on http://localhost:3000
2025-09-10 15:38:18 [32minfo[39m: [REDIS] Connected to Redis.
2025-09-10 15:38:18 [32minfo[39m: [PRISMA] : connected to database
2025-09-10 15:38:39 [32minfo[39m: Environment configuration loaded.
2025-09-10 15:38:40 [32minfo[39m: [GOOGLE_OAUTH] Google authentication strategy initialized successfully
2025-09-10 15:38:40 [32minfo[39m: [SERVER] backend is live on http://localhost:3000
2025-09-10 15:38:40 [32minfo[39m: [REDIS] Connected to Redis.
2025-09-10 15:38:40 [32minfo[39m: [PRISMA] : connected to database
2025-09-10 15:39:19 [32minfo[39m: Environment configuration loaded.
2025-09-10 15:39:20 [32minfo[39m: [GOOGLE_OAUTH] Google authentication strategy initialized successfully
2025-09-10 15:39:20 [32minfo[39m: [SERVER] backend is live on http://localhost:3000
2025-09-10 15:39:20 [32minfo[39m: [REDIS] Connected to Redis.
2025-09-10 15:39:21 [32minfo[39m: [PRISMA] : connected to database
2025-09-10 15:40:32 [32minfo[39m: Environment configuration loaded.
2025-09-10 15:40:33 [32minfo[39m: [GOOGLE_OAUTH] Google authentication strategy initialized successfully
2025-09-10 15:40:33 [32minfo[39m: [SERVER] backend is live on http://localhost:3000
2025-09-10 15:40:33 [32minfo[39m: [REDIS] Connected to Redis.
2025-09-10 15:40:34 [32minfo[39m: [PRISMA] : connected to database
2025-09-10 15:40:43 [32minfo[39m: Environment configuration loaded.
2025-09-10 15:40:44 [32minfo[39m: [GOOGLE_OAUTH] Google authentication strategy initialized successfully
2025-09-10 15:40:44 [32minfo[39m: [SERVER] backend is live on http://localhost:3000
2025-09-10 15:40:44 [32minfo[39m: [REDIS] Connected to Redis.
2025-09-10 15:40:44 [32minfo[39m: [PRISMA] : connected to database
2025-09-10 15:41:00 [32minfo[39m: Environment configuration loaded.
2025-09-10 15:41:00 [32minfo[39m: [GOOGLE_OAUTH] Google authentication strategy initialized successfully
2025-09-10 15:41:00 [32minfo[39m: [SERVER] backend is live on http://localhost:3000
2025-09-10 15:41:00 [32minfo[39m: [REDIS] Connected to Redis.
2025-09-10 15:41:03 [32minfo[39m: [PRISMA] : connected to database
2025-09-10 15:41:11 [32minfo[39m: Environment configuration loaded.
2025-09-10 15:41:12 [32minfo[39m: [GOOGLE_OAUTH] Google authentication strategy initialized successfully
2025-09-10 15:41:12 [32minfo[39m: [SERVER] backend is live on http://localhost:3000
2025-09-10 15:41:12 [32minfo[39m: [REDIS] Connected to Redis.
2025-09-10 15:41:13 [32minfo[39m: [PRISMA] : connected to database
2025-09-10 15:41:53 [32minfo[39m: Environment configuration loaded.
2025-09-10 15:41:53 [32minfo[39m: [GOOGLE_OAUTH] Google authentication strategy initialized successfully
2025-09-10 15:41:53 [32minfo[39m: [SERVER] backend is live on http://localhost:3000
2025-09-10 15:41:53 [32minfo[39m: [REDIS] Connected to Redis.
2025-09-10 15:41:54 [32minfo[39m: [PRISMA] : connected to database
2025-09-10 15:43:20 [32minfo[39m: Environment configuration loaded.
2025-09-10 15:43:21 [32minfo[39m: [GOOGLE_OAUTH] Google authentication strategy initialized successfully
2025-09-10 15:43:21 [32minfo[39m: [SERVER] backend is live on http://localhost:3000
2025-09-10 15:43:21 [32minfo[39m: [REDIS] Connected to Redis.
2025-09-10 15:43:21 [32minfo[39m: [PRISMA] : connected to database
2025-09-10 15:43:53 [32minfo[39m: Environment configuration loaded.
2025-09-10 15:43:54 [32minfo[39m: [GOOGLE_OAUTH] Google authentication strategy initialized successfully
2025-09-10 15:43:54 [32minfo[39m: [SERVER] backend is live on http://localhost:3000
2025-09-10 15:43:54 [32minfo[39m: [REDIS] Connected to Redis.
2025-09-10 15:43:54 [32minfo[39m: [PRISMA] : connected to database
2025-09-10 15:44:04 [32minfo[39m: Environment configuration loaded.
2025-09-10 15:44:05 [32minfo[39m: [GOOGLE_OAUTH] Google authentication strategy initialized successfully
2025-09-10 15:44:05 [32minfo[39m: [SERVER] backend is live on http://localhost:3000
2025-09-10 15:44:05 [32minfo[39m: [REDIS] Connected to Redis.
2025-09-10 15:44:06 [32minfo[39m: [PRISMA] : connected to database
2025-09-10 15:44:08 [32minfo[39m: Environment configuration loaded.
2025-09-10 15:44:09 [32minfo[39m: [GOOGLE_OAUTH] Google authentication strategy initialized successfully
2025-09-10 15:44:09 [32minfo[39m: [SERVER] backend is live on http://localhost:3000
2025-09-10 15:44:09 [32minfo[39m: [REDIS] Connected to Redis.
2025-09-10 15:44:09 [32minfo[39m: [PRISMA] : connected to database
2025-09-10 15:45:08 [32minfo[39m: Environment configuration loaded.
2025-09-10 15:45:08 [32minfo[39m: [GOOGLE_OAUTH] Google authentication strategy initialized successfully
2025-09-10 15:45:08 [32minfo[39m: [SERVER] backend is live on http://localhost:3000
2025-09-10 15:45:08 [32minfo[39m: [REDIS] Connected to Redis.
2025-09-10 15:45:09 [32minfo[39m: [PRISMA] : connected to database
2025-09-10 15:46:02 [32minfo[39m: Environment configuration loaded.
2025-09-10 15:46:03 [32minfo[39m: [GOOGLE_OAUTH] Google authentication strategy initialized successfully
2025-09-10 15:46:03 [32minfo[39m: [SERVER] backend is live on http://localhost:3000
2025-09-10 15:46:03 [32minfo[39m: [REDIS] Connected to Redis.
2025-09-10 15:46:06 [32minfo[39m: [PRISMA] : connected to database
2025-09-10 15:46:36 [32minfo[39m: Environment configuration loaded.
2025-09-10 15:46:36 [32minfo[39m: [GOOGLE_OAUTH] Google authentication strategy initialized successfully
2025-09-10 15:46:36 [32minfo[39m: [SERVER] backend is live on http://localhost:3000
2025-09-10 15:46:36 [32minfo[39m: [REDIS] Connected to Redis.
2025-09-10 15:46:39 [32minfo[39m: [PRISMA] : connected to database
2025-09-10 15:46:55 [32minfo[39m: Environment configuration loaded.
2025-09-10 15:46:56 [32minfo[39m: [GOOGLE_OAUTH] Google authentication strategy initialized successfully
2025-09-10 15:46:56 [32minfo[39m: [SERVER] backend is live on http://localhost:3000
2025-09-10 15:46:56 [32minfo[39m: [REDIS] Connected to Redis.
2025-09-10 15:46:56 [32minfo[39m: [PRISMA] : connected to database
2025-09-10 15:57:18 [32minfo[39m: Environment configuration loaded.
2025-09-10 15:57:18 [32minfo[39m: [GOOGLE_OAUTH] Google authentication strategy initialized successfully
2025-09-10 15:57:18 [32minfo[39m: [SERVER] backend is live on http://localhost:3000
2025-09-10 15:57:18 [32minfo[39m: [REDIS] Connected to Redis.
2025-09-10 15:57:19 [32minfo[39m: [PRISMA] : connected to database
2025-09-10 15:57:25 [32minfo[39m: Environment configuration loaded.
2025-09-10 15:57:25 [32minfo[39m: [GOOGLE_OAUTH] Google authentication strategy initialized successfully
2025-09-10 15:57:25 [32minfo[39m: [SERVER] backend is live on http://localhost:3000
2025-09-10 15:57:25 [32minfo[39m: [REDIS] Connected to Redis.
2025-09-10 15:57:26 [32minfo[39m: [PRISMA] : connected to database
2025-09-10 15:58:23 [32minfo[39m: Environment configuration loaded.
2025-09-10 15:58:23 [32minfo[39m: [GOOGLE_OAUTH] Google authentication strategy initialized successfully
2025-09-10 15:58:23 [32minfo[39m: [SERVER] backend is live on http://localhost:3000
2025-09-10 15:58:23 [32minfo[39m: [REDIS] Connected to Redis.
2025-09-10 15:58:24 [32minfo[39m: [PRISMA] : connected to database
2025-09-10 15:58:41 [32minfo[39m: Environment configuration loaded.
2025-09-10 15:58:42 [32minfo[39m: [GOOGLE_OAUTH] Google authentication strategy initialized successfully
2025-09-10 15:58:42 [32minfo[39m: [SERVER] backend is live on http://localhost:3000
2025-09-10 15:58:42 [32minfo[39m: [REDIS] Connected to Redis.
2025-09-10 15:58:42 [32minfo[39m: [PRISMA] : connected to database
2025-09-10 15:58:59 [32minfo[39m: Environment configuration loaded.
2025-09-10 15:59:00 [32minfo[39m: [GOOGLE_OAUTH] Google authentication strategy initialized successfully
2025-09-10 15:59:00 [32minfo[39m: [SERVER] backend is live on http://localhost:3000
2025-09-10 15:59:00 [32minfo[39m: [REDIS] Connected to Redis.
2025-09-10 15:59:00 [32minfo[39m: [PRISMA] : connected to database
